  main.cpp
E:\GUI with sfml\Double pendulam\sfml\main.cpp(17,17): warning C4305: 'initializing': truncation from 'double' to 'float'
E:\GUI with sfml\Double pendulam\sfml\main.cpp(39,46): warning C4244: 'argument': conversion from 'T' to 'T', possible loss of data
          with
          [
              T=int
          ]
          and
          [
              T=float
          ]
E:\GUI with sfml\Double pendulam\sfml\main.cpp(39,38): warning C4244: 'argument': conversion from 'T' to 'T', possible loss of data
          with
          [
              T=int
          ]
          and
          [
              T=float
          ]
E:\GUI with sfml\Double pendulam\sfml\main.cpp(135,21): warning C4305: '*=': truncation from 'double' to 'float'
E:\GUI with sfml\Double pendulam\sfml\main.cpp(136,21): warning C4305: '*=': truncation from 'double' to 'float'
E:\GUI with sfml\Double pendulam\sfml\main.cpp(138,56): warning C4244: 'argument': conversion from 'T' to 'T', possible loss of data
          with
          [
              T=int
          ]
          and
          [
              T=float
          ]
E:\GUI with sfml\Double pendulam\sfml\main.cpp(138,47): warning C4244: 'argument': conversion from 'T' to 'T', possible loss of data
          with
          [
              T=int
          ]
          and
          [
              T=float
          ]
  Generating code
  1 of 55 functions ( 1.8%) were compiled, the rest were copied from previous compilation.
    0 functions were new in current compilation
    0 functions had inline decision re-evaluated but remain unchanged
  Finished generating code
  sfml.vcxproj -> E:\GUI with sfml\Double pendulam\Release\sfml.exe
